0 info it worked if it ends with ok
1 verbose cli [ 'C:\\Program Files (x86)\\nodejs\\node.exe',
1 verbose cli   'C:\\Program Files (x86)\\nodejs\\node_modules\\npm\\bin\\npm-cli.js',
1 verbose cli   'install',
1 verbose cli   'canvas',
1 verbose cli   '--save' ]
2 info using npm@3.6.0
3 info using node@v5.6.0
4 silly loadCurrentTree Starting
5 silly install loadCurrentTree
6 silly install readLocalPackageData
7 silly fetchPackageMetaData canvas
8 silly fetchNamedPackageData canvas
9 silly mapToRegistry name canvas
10 silly mapToRegistry using default registry
11 silly mapToRegistry registry https://registry.npmjs.org/
12 silly mapToRegistry uri https://registry.npmjs.org/canvas
13 verbose request uri https://registry.npmjs.org/canvas
14 verbose request no auth needed
15 info attempt registry request try #1 at 17:35:53
16 verbose request id 1e69a43bf21ec8f0
17 verbose etag "5afac896-3270e"
18 verbose lastModified Tue, 15 May 2018 11:46:30 GMT
19 http request GET https://registry.npmjs.org/canvas
20 http 304 https://registry.npmjs.org/canvas
21 verbose headers { date: 'Tue, 22 May 2018 15:35:53 GMT',
21 verbose headers   via: '1.1 varnish',
21 verbose headers   'cache-control': 'max-age=300',
21 verbose headers   etag: '"5afac896-3270e"',
21 verbose headers   age: '10413',
21 verbose headers   connection: 'keep-alive',
21 verbose headers   'x-served-by': 'cache-fra19146-FRA',
21 verbose headers   'x-cache': 'HIT',
21 verbose headers   'x-cache-hits': '3',
21 verbose headers   'x-timer': 'S1527003354.776521,VS0,VE0',
21 verbose headers   vary: 'Accept-Encoding, Accept' }
22 silly get cb [ 304,
22 silly get   { date: 'Tue, 22 May 2018 15:35:53 GMT',
22 silly get     via: '1.1 varnish',
22 silly get     'cache-control': 'max-age=300',
22 silly get     etag: '"5afac896-3270e"',
22 silly get     age: '10413',
22 silly get     connection: 'keep-alive',
22 silly get     'x-served-by': 'cache-fra19146-FRA',
22 silly get     'x-cache': 'HIT',
22 silly get     'x-cache-hits': '3',
22 silly get     'x-timer': 'S1527003354.776521,VS0,VE0',
22 silly get     vary: 'Accept-Encoding, Accept' } ]
23 verbose etag https://registry.npmjs.org/canvas from cache
24 verbose get saving canvas to C:\Users\lucaf\AppData\Roaming\npm-cache\registry.npmjs.org\canvas\.cache.json
25 verbose correctMkdir C:\Users\lucaf\AppData\Roaming\npm-cache correctMkdir not in flight; initializing
26 silly install normalizeTree
27 silly loadCurrentTree Finishing
28 silly loadIdealTree Starting
29 silly install loadIdealTree
30 silly cloneCurrentTree Starting
31 silly install cloneCurrentTreeToIdealTree
32 silly cloneCurrentTree Finishing
33 silly loadShrinkwrap Starting
34 silly install loadShrinkwrap
35 silly loadShrinkwrap Finishing
36 silly loadAllDepsIntoIdealTree Starting
37 silly install loadAllDepsIntoIdealTree
38 silly resolveWithNewModule canvas@1.6.11 checking installable status
39 silly cache add args [ 'canvas', null ]
40 verbose cache add spec canvas
41 silly cache add parsed spec Result {
41 silly cache add   raw: 'canvas',
41 silly cache add   scope: null,
41 silly cache add   name: 'canvas',
41 silly cache add   rawSpec: '',
41 silly cache add   spec: 'latest',
41 silly cache add   type: 'tag' }
42 silly addNamed canvas@latest
43 verbose addNamed "latest" is being treated as a dist-tag for canvas
44 info addNameTag [ 'canvas', 'latest' ]
45 silly mapToRegistry name canvas
46 silly mapToRegistry using default registry
47 silly mapToRegistry registry https://registry.npmjs.org/
48 silly mapToRegistry uri https://registry.npmjs.org/canvas
49 verbose addNameTag registry:https://registry.npmjs.org/canvas not in flight; fetching
50 verbose get https://registry.npmjs.org/canvas not expired, no request
51 silly addNameTag next cb for canvas with tag latest
52 silly addNamed canvas@1.6.11
53 verbose addNamed "1.6.11" is a plain semver version for canvas
54 silly mapToRegistry name canvas
55 silly mapToRegistry using default registry
56 silly mapToRegistry registry https://registry.npmjs.org/
57 silly mapToRegistry uri https://registry.npmjs.org/canvas
58 verbose addRemoteTarball https://registry.npmjs.org/canvas/-/canvas-1.6.11.tgz not in flight; adding
59 verbose addRemoteTarball [ 'https://registry.npmjs.org/canvas/-/canvas-1.6.11.tgz',
59 verbose addRemoteTarball   'c2d8bcf283281f19ded14fa163a111804522330d' ]
60 info retry fetch attempt 1 at 17:35:54
61 info attempt registry request try #1 at 17:35:54
62 http fetch GET https://registry.npmjs.org/canvas/-/canvas-1.6.11.tgz
63 http fetch 200 https://registry.npmjs.org/canvas/-/canvas-1.6.11.tgz
64 silly fetchAndShaCheck shasum c2d8bcf283281f19ded14fa163a111804522330d
65 verbose addTmpTarball C:\Users\lucaf\AppData\Local\Temp\npm-46760-8021f78a\registry.npmjs.org\canvas\-\canvas-1.6.11.tgz not in flight; adding
66 verbose addTmpTarball already have metadata; skipping unpack for canvas@1.6.11
67 verbose correctMkdir C:\Users\lucaf\AppData\Roaming\npm-cache correctMkdir not in flight; initializing
68 silly cache afterAdd canvas@1.6.11
69 verbose afterAdd C:\Users\lucaf\AppData\Roaming\npm-cache\canvas\1.6.11\package\package.json not in flight; writing
70 verbose correctMkdir C:\Users\lucaf\AppData\Roaming\npm-cache correctMkdir not in flight; initializing
71 verbose afterAdd C:\Users\lucaf\AppData\Roaming\npm-cache\canvas\1.6.11\package\package.json written
72 silly fetchNamedPackageData nan
73 silly mapToRegistry name nan
74 silly mapToRegistry using default registry
75 silly mapToRegistry registry https://registry.npmjs.org/
76 silly mapToRegistry uri https://registry.npmjs.org/nan
77 verbose request uri https://registry.npmjs.org/nan
78 verbose request no auth needed
79 info attempt registry request try #1 at 17:35:54
80 verbose etag "5aabecc7-229f2"
81 verbose lastModified Fri, 16 Mar 2018 16:11:51 GMT
82 http request GET https://registry.npmjs.org/nan
83 http 304 https://registry.npmjs.org/nan
84 verbose headers { date: 'Tue, 22 May 2018 15:35:54 GMT',
84 verbose headers   via: '1.1 varnish',
84 verbose headers   'cache-control': 'max-age=300',
84 verbose headers   etag: '"5aabecc7-229f2"',
84 verbose headers   age: '14306',
84 verbose headers   connection: 'keep-alive',
84 verbose headers   'x-served-by': 'cache-fra19129-FRA',
84 verbose headers   'x-cache': 'HIT',
84 verbose headers   'x-cache-hits': '307',
84 verbose headers   'x-timer': 'S1527003354.172113,VS0,VE0',
84 verbose headers   vary: 'Accept-Encoding, Accept' }
85 silly get cb [ 304,
85 silly get   { date: 'Tue, 22 May 2018 15:35:54 GMT',
85 silly get     via: '1.1 varnish',
85 silly get     'cache-control': 'max-age=300',
85 silly get     etag: '"5aabecc7-229f2"',
85 silly get     age: '14306',
85 silly get     connection: 'keep-alive',
85 silly get     'x-served-by': 'cache-fra19129-FRA',
85 silly get     'x-cache': 'HIT',
85 silly get     'x-cache-hits': '307',
85 silly get     'x-timer': 'S1527003354.172113,VS0,VE0',
85 silly get     vary: 'Accept-Encoding, Accept' } ]
86 verbose etag https://registry.npmjs.org/nan from cache
87 verbose get saving nan to C:\Users\lucaf\AppData\Roaming\npm-cache\registry.npmjs.org\nan\.cache.json
88 verbose correctMkdir C:\Users\lucaf\AppData\Roaming\npm-cache correctMkdir not in flight; initializing
89 silly resolveWithNewModule nan@2.10.0 checking installable status
90 silly cache add args [ 'nan@^2.10.0', null ]
91 verbose cache add spec nan@^2.10.0
92 silly cache add parsed spec Result {
92 silly cache add   raw: 'nan@^2.10.0',
92 silly cache add   scope: null,
92 silly cache add   name: 'nan',
92 silly cache add   rawSpec: '^2.10.0',
92 silly cache add   spec: '>=2.10.0 <3.0.0',
92 silly cache add   type: 'range' }
93 silly addNamed nan@>=2.10.0 <3.0.0
94 verbose addNamed ">=2.10.0 <3.0.0" is a valid semver range for nan
95 silly addNameRange { name: 'nan', range: '>=2.10.0 <3.0.0', hasData: false }
96 silly mapToRegistry name nan
97 silly mapToRegistry using default registry
98 silly mapToRegistry registry https://registry.npmjs.org/
99 silly mapToRegistry uri https://registry.npmjs.org/nan
100 verbose addNameRange registry:https://registry.npmjs.org/nan not in flight; fetching
101 verbose get https://registry.npmjs.org/nan not expired, no request
102 silly addNameRange number 2 { name: 'nan', range: '>=2.10.0 <3.0.0', hasData: true }
103 silly addNameRange versions [ 'nan',
103 silly addNameRange   [ '0.3.0-wip',
103 silly addNameRange     '0.3.0-wip2',
103 silly addNameRange     '0.3.0',
103 silly addNameRange     '0.3.1',
103 silly addNameRange     '0.3.2',
103 silly addNameRange     '0.4.0',
103 silly addNameRange     '0.4.1',
103 silly addNameRange     '0.4.2',
103 silly addNameRange     '0.4.3',
103 silly addNameRange     '0.4.4',
103 silly addNameRange     '0.5.0',
103 silly addNameRange     '0.5.1',
103 silly addNameRange     '0.5.2',
103 silly addNameRange     '0.6.0',
103 silly addNameRange     '0.7.0',
103 silly addNameRange     '0.7.1',
103 silly addNameRange     '0.8.0',
103 silly addNameRange     '1.0.0',
103 silly addNameRange     '1.1.0',
103 silly addNameRange     '1.1.1',
103 silly addNameRange     '1.1.2',
103 silly addNameRange     '1.2.0',
103 silly addNameRange     '1.3.0',
103 silly addNameRange     '1.4.0',
103 silly addNameRange     '1.4.1',
103 silly addNameRange     '1.5.0',
103 silly addNameRange     '1.4.2',
103 silly addNameRange     '1.4.3',
103 silly addNameRange     '1.5.1',
103 silly addNameRange     '1.5.2',
103 silly addNameRange     '1.6.0',
103 silly addNameRange     '1.5.3',
103 silly addNameRange     '1.6.1',
103 silly addNameRange     '1.6.2',
103 silly addNameRange     '1.7.0',
103 silly addNameRange     '1.8.0',
103 silly addNameRange     '1.8.1',
103 silly addNameRange     '1.8.2',
103 silly addNameRange     '1.8.3',
103 silly addNameRange     '1.8.4',
103 silly addNameRange     '1.9.0',
103 silly addNameRange     '2.0.0',
103 silly addNameRange     '2.0.1',
103 silly addNameRange     '2.0.2',
103 silly addNameRange     '2.0.3',
103 silly addNameRange     '2.0.4',
103 silly addNameRange     '2.0.5',
103 silly addNameRange     '2.0.6',
103 silly addNameRange     '2.0.7',
103 silly addNameRange     '2.0.8',
103 silly addNameRange     '2.0.9',
103 silly addNameRange     '2.1.0',
103 silly addNameRange     '2.2.0',
103 silly addNameRange     '2.2.1',
103 silly addNameRange     '2.3.0',
103 silly addNameRange     '2.3.1',
103 silly addNameRange     '2.3.2',
103 silly addNameRange     '2.3.3',
103 silly addNameRange     '2.3.4',
103 silly addNameRange     '2.3.5',
103 silly addNameRange     '2.4.0',
103 silly addNameRange     '2.5.0',
103 silly addNameRange     '2.5.1',
103 silly addNameRange     '2.6.0',
103 silly addNameRange     '2.6.1',
103 silly addNameRange     '2.6.2',
103 silly addNameRange     '2.7.0',
103 silly addNameRange     '2.8.0',
103 silly addNameRange     '2.9.1',
103 silly addNameRange     '2.9.2',
103 silly addNameRange     '2.10.0' ] ]
104 silly addNamed nan@2.10.0
105 verbose addNamed "2.10.0" is a plain semver version for nan
106 silly cache afterAdd nan@2.10.0
107 verbose afterAdd C:\Users\lucaf\AppData\Roaming\npm-cache\nan\2.10.0\package\package.json not in flight; writing
108 verbose correctMkdir C:\Users\lucaf\AppData\Roaming\npm-cache correctMkdir not in flight; initializing
109 verbose afterAdd C:\Users\lucaf\AppData\Roaming\npm-cache\nan\2.10.0\package\package.json written
110 silly loadAllDepsIntoIdealTree Finishing
111 silly idealTree:prePrune canvamachine@1.0.0
111 silly idealTree:prePrune +-- accepts@1.3.5
111 silly idealTree:prePrune +-- array-flatten@1.1.1
111 silly idealTree:prePrune +-- body-parser@1.18.2
111 silly idealTree:prePrune +-- bytes@3.0.0
111 silly idealTree:prePrune +-- canvas@1.6.11
111 silly idealTree:prePrune +-- content-disposition@0.5.2
111 silly idealTree:prePrune +-- content-type@1.0.4
111 silly idealTree:prePrune +-- cookie-signature@1.0.6
111 silly idealTree:prePrune +-- cookie@0.3.1
111 silly idealTree:prePrune +-- debug@2.6.9
111 silly idealTree:prePrune +-- depd@1.1.2
111 silly idealTree:prePrune +-- destroy@1.0.4
111 silly idealTree:prePrune +-- ee-first@1.1.1
111 silly idealTree:prePrune +-- encodeurl@1.0.2
111 silly idealTree:prePrune +-- escape-html@1.0.3
111 silly idealTree:prePrune +-- etag@1.8.1
111 silly idealTree:prePrune +-- express@4.16.3
111 silly idealTree:prePrune +-- finalhandler@1.1.1
111 silly idealTree:prePrune +-- forwarded@0.1.2
111 silly idealTree:prePrune +-- fresh@0.5.2
111 silly idealTree:prePrune +-- http-errors@1.6.3
111 silly idealTree:prePrune +-- iconv-lite@0.4.19
111 silly idealTree:prePrune +-- inherits@2.0.3
111 silly idealTree:prePrune +-- ipaddr.js@1.6.0
111 silly idealTree:prePrune +-- media-typer@0.3.0
111 silly idealTree:prePrune +-- merge-descriptors@1.0.1
111 silly idealTree:prePrune +-- methods@1.1.2
111 silly idealTree:prePrune +-- mime-db@1.33.0
111 silly idealTree:prePrune +-- mime-types@2.1.18
111 silly idealTree:prePrune +-- mime@1.4.1
111 silly idealTree:prePrune +-- ms@2.0.0
111 silly idealTree:prePrune +-- nan@2.10.0
111 silly idealTree:prePrune +-- negotiator@0.6.1
111 silly idealTree:prePrune +-- on-finished@2.3.0
111 silly idealTree:prePrune +-- parseurl@1.3.2
111 silly idealTree:prePrune +-- path-to-regexp@0.1.7
111 silly idealTree:prePrune +-- proxy-addr@2.0.3
111 silly idealTree:prePrune +-- qs@6.5.1
111 silly idealTree:prePrune +-- range-parser@1.2.0
111 silly idealTree:prePrune +-- raw-body@2.3.2
111 silly idealTree:prePrune | +-- depd@1.1.1
111 silly idealTree:prePrune | +-- http-errors@1.6.2
111 silly idealTree:prePrune | `-- setprototypeof@1.0.3
111 silly idealTree:prePrune +-- safe-buffer@5.1.1
111 silly idealTree:prePrune +-- send@0.16.2
111 silly idealTree:prePrune +-- serve-static@1.13.2
111 silly idealTree:prePrune +-- setprototypeof@1.1.0
111 silly idealTree:prePrune +-- statuses@1.4.0
111 silly idealTree:prePrune +-- type-is@1.6.16
111 silly idealTree:prePrune +-- unpipe@1.0.0
111 silly idealTree:prePrune +-- utils-merge@1.0.1
111 silly idealTree:prePrune `-- vary@1.1.2
112 silly loadIdealTree Finishing
113 silly currentTree canvamachine@1.0.0
113 silly currentTree +-- accepts@1.3.5
113 silly currentTree +-- array-flatten@1.1.1
113 silly currentTree +-- body-parser@1.18.2
113 silly currentTree +-- bytes@3.0.0
113 silly currentTree +-- content-disposition@0.5.2
113 silly currentTree +-- content-type@1.0.4
113 silly currentTree +-- cookie-signature@1.0.6
113 silly currentTree +-- cookie@0.3.1
113 silly currentTree +-- debug@2.6.9
113 silly currentTree +-- depd@1.1.2
113 silly currentTree +-- destroy@1.0.4
113 silly currentTree +-- ee-first@1.1.1
113 silly currentTree +-- encodeurl@1.0.2
113 silly currentTree +-- escape-html@1.0.3
113 silly currentTree +-- etag@1.8.1
113 silly currentTree +-- express@4.16.3
113 silly currentTree +-- finalhandler@1.1.1
113 silly currentTree +-- forwarded@0.1.2
113 silly currentTree +-- fresh@0.5.2
113 silly currentTree +-- http-errors@1.6.3
113 silly currentTree +-- iconv-lite@0.4.19
113 silly currentTree +-- inherits@2.0.3
113 silly currentTree +-- ipaddr.js@1.6.0
113 silly currentTree +-- media-typer@0.3.0
113 silly currentTree +-- merge-descriptors@1.0.1
113 silly currentTree +-- methods@1.1.2
113 silly currentTree +-- mime-db@1.33.0
113 silly currentTree +-- mime-types@2.1.18
113 silly currentTree +-- mime@1.4.1
113 silly currentTree +-- ms@2.0.0
113 silly currentTree +-- negotiator@0.6.1
113 silly currentTree +-- on-finished@2.3.0
113 silly currentTree +-- parseurl@1.3.2
113 silly currentTree +-- path-to-regexp@0.1.7
113 silly currentTree +-- proxy-addr@2.0.3
113 silly currentTree +-- qs@6.5.1
113 silly currentTree +-- range-parser@1.2.0
113 silly currentTree +-- raw-body@2.3.2
113 silly currentTree | +-- depd@1.1.1
113 silly currentTree | +-- http-errors@1.6.2
113 silly currentTree | `-- setprototypeof@1.0.3
113 silly currentTree +-- safe-buffer@5.1.1
113 silly currentTree +-- send@0.16.2
113 silly currentTree +-- serve-static@1.13.2
113 silly currentTree +-- setprototypeof@1.1.0
113 silly currentTree +-- statuses@1.4.0
113 silly currentTree +-- type-is@1.6.16
113 silly currentTree +-- unpipe@1.0.0
113 silly currentTree +-- utils-merge@1.0.1
113 silly currentTree `-- vary@1.1.2
114 silly idealTree canvamachine@1.0.0
114 silly idealTree +-- accepts@1.3.5
114 silly idealTree +-- array-flatten@1.1.1
114 silly idealTree +-- body-parser@1.18.2
114 silly idealTree +-- bytes@3.0.0
114 silly idealTree +-- canvas@1.6.11
114 silly idealTree +-- content-disposition@0.5.2
114 silly idealTree +-- content-type@1.0.4
114 silly idealTree +-- cookie-signature@1.0.6
114 silly idealTree +-- cookie@0.3.1
114 silly idealTree +-- debug@2.6.9
114 silly idealTree +-- depd@1.1.2
114 silly idealTree +-- destroy@1.0.4
114 silly idealTree +-- ee-first@1.1.1
114 silly idealTree +-- encodeurl@1.0.2
114 silly idealTree +-- escape-html@1.0.3
114 silly idealTree +-- etag@1.8.1
114 silly idealTree +-- express@4.16.3
114 silly idealTree +-- finalhandler@1.1.1
114 silly idealTree +-- forwarded@0.1.2
114 silly idealTree +-- fresh@0.5.2
114 silly idealTree +-- http-errors@1.6.3
114 silly idealTree +-- iconv-lite@0.4.19
114 silly idealTree +-- inherits@2.0.3
114 silly idealTree +-- ipaddr.js@1.6.0
114 silly idealTree +-- media-typer@0.3.0
114 silly idealTree +-- merge-descriptors@1.0.1
114 silly idealTree +-- methods@1.1.2
114 silly idealTree +-- mime-db@1.33.0
114 silly idealTree +-- mime-types@2.1.18
114 silly idealTree +-- mime@1.4.1
114 silly idealTree +-- ms@2.0.0
114 silly idealTree +-- nan@2.10.0
114 silly idealTree +-- negotiator@0.6.1
114 silly idealTree +-- on-finished@2.3.0
114 silly idealTree +-- parseurl@1.3.2
114 silly idealTree +-- path-to-regexp@0.1.7
114 silly idealTree +-- proxy-addr@2.0.3
114 silly idealTree +-- qs@6.5.1
114 silly idealTree +-- range-parser@1.2.0
114 silly idealTree +-- raw-body@2.3.2
114 silly idealTree | +-- depd@1.1.1
114 silly idealTree | +-- http-errors@1.6.2
114 silly idealTree | `-- setprototypeof@1.0.3
114 silly idealTree +-- safe-buffer@5.1.1
114 silly idealTree +-- send@0.16.2
114 silly idealTree +-- serve-static@1.13.2
114 silly idealTree +-- setprototypeof@1.1.0
114 silly idealTree +-- statuses@1.4.0
114 silly idealTree +-- type-is@1.6.16
114 silly idealTree +-- unpipe@1.0.0
114 silly idealTree +-- utils-merge@1.0.1
114 silly idealTree `-- vary@1.1.2
115 silly generateActionsToTake Starting
116 silly install generateActionsToTake
117 silly generateActionsToTake Finishing
118 silly diffTrees action count 2
119 silly diffTrees add nan@2.10.0
120 silly diffTrees add canvas@1.6.11
121 silly decomposeActions action count 16
122 silly decomposeActions fetch nan@2.10.0
123 silly decomposeActions extract nan@2.10.0
124 silly decomposeActions test nan@2.10.0
125 silly decomposeActions preinstall nan@2.10.0
126 silly decomposeActions build nan@2.10.0
127 silly decomposeActions install nan@2.10.0
128 silly decomposeActions postinstall nan@2.10.0
129 silly decomposeActions finalize nan@2.10.0
130 silly decomposeActions fetch canvas@1.6.11
131 silly decomposeActions extract canvas@1.6.11
132 silly decomposeActions test canvas@1.6.11
133 silly decomposeActions preinstall canvas@1.6.11
134 silly decomposeActions build canvas@1.6.11
135 silly decomposeActions install canvas@1.6.11
136 silly decomposeActions postinstall canvas@1.6.11
137 silly decomposeActions finalize canvas@1.6.11
138 silly executeActions Starting
139 silly install executeActions
140 silly doSerial global-install 0
141 silly doParallel fetch 2
142 verbose correctMkdir C:\Users\lucaf\AppData\Roaming\npm-cache\_locks correctMkdir not in flight; initializing
143 verbose lock using C:\Users\lucaf\AppData\Roaming\npm-cache\_locks\staging-c97e496f8742cb6a.lock for C:\Users\lucaf\Documents\Projects\canvamachine\node_modules\.staging
144 silly doParallel extract 2
145 silly extract nan@2.10.0
146 silly extract canvas@1.6.11
147 verbose unbuild node_modules\.staging\nan-dd8e60ee
148 verbose unbuild node_modules\.staging\canvas-4fc89b74
149 silly gentlyRm C:\Users\lucaf\Documents\Projects\canvamachine\node_modules\.staging\nan-dd8e60ee is being purged from base C:\Users\lucaf\Documents\Projects\canvamachine
150 verbose gentlyRm don't care about contents; nuking C:\Users\lucaf\Documents\Projects\canvamachine\node_modules\.staging\nan-dd8e60ee
151 silly gentlyRm C:\Users\lucaf\Documents\Projects\canvamachine\node_modules\.staging\canvas-4fc89b74 is being purged from base C:\Users\lucaf\Documents\Projects\canvamachine
152 verbose gentlyRm don't care about contents; nuking C:\Users\lucaf\Documents\Projects\canvamachine\node_modules\.staging\canvas-4fc89b74
153 verbose tar unpack C:\Users\lucaf\AppData\Roaming\npm-cache\nan\2.10.0\package.tgz
154 verbose tar unpacking to C:\Users\lucaf\Documents\Projects\canvamachine\node_modules\.staging\nan-dd8e60ee
155 silly gentlyRm C:\Users\lucaf\Documents\Projects\canvamachine\node_modules\.staging\nan-dd8e60ee is being purged
156 verbose gentlyRm don't care about contents; nuking C:\Users\lucaf\Documents\Projects\canvamachine\node_modules\.staging\nan-dd8e60ee
157 verbose tar unpack C:\Users\lucaf\AppData\Roaming\npm-cache\canvas\1.6.11\package.tgz
158 verbose tar unpacking to C:\Users\lucaf\Documents\Projects\canvamachine\node_modules\.staging\canvas-4fc89b74
159 silly gentlyRm C:\Users\lucaf\Documents\Projects\canvamachine\node_modules\.staging\canvas-4fc89b74 is being purged
160 verbose gentlyRm don't care about contents; nuking C:\Users\lucaf\Documents\Projects\canvamachine\node_modules\.staging\canvas-4fc89b74
161 silly gunzTarPerm modes [ '777', '666' ]
162 silly gunzTarPerm modes [ '777', '666' ]
163 silly gunzTarPerm extractEntry package.json
164 silly gunzTarPerm modified mode [ 'package.json', 436, 438 ]
165 silly gunzTarPerm extractEntry package.json
166 silly gunzTarPerm modified mode [ 'package.json', 420, 438 ]
167 silly gunzTarPerm extractEntry CHANGELOG.md
168 silly gunzTarPerm modified mode [ 'CHANGELOG.md', 436, 438 ]
169 silly gunzTarPerm extractEntry .travis.yml
170 silly gunzTarPerm modified mode [ '.travis.yml', 420, 438 ]
171 silly gunzTarPerm extractEntry binding.gyp
172 silly gunzTarPerm modified mode [ 'binding.gyp', 493, 511 ]
173 silly gunzTarPerm extractEntry include_dirs.js
174 silly gunzTarPerm modified mode [ 'include_dirs.js', 436, 438 ]
175 silly gunzTarPerm extractEntry LICENSE.md
176 silly gunzTarPerm modified mode [ 'LICENSE.md', 436, 438 ]
177 silly gunzTarPerm extractEntry nan_callbacks_12_inl.h
178 silly gunzTarPerm modified mode [ 'nan_callbacks_12_inl.h', 436, 438 ]
179 silly gunzTarPerm extractEntry nan_callbacks_pre_12_inl.h
180 silly gunzTarPerm modified mode [ 'nan_callbacks_pre_12_inl.h', 436, 438 ]
181 silly gunzTarPerm extractEntry History.md
182 silly gunzTarPerm modified mode [ 'History.md', 420, 438 ]
183 silly gunzTarPerm extractEntry index.js
184 silly gunzTarPerm modified mode [ 'index.js', 420, 438 ]
185 silly gunzTarPerm extractEntry Readme.md
186 silly gunzTarPerm modified mode [ 'Readme.md', 420, 438 ]
187 silly gunzTarPerm extractEntry .github/ISSUE_TEMPLATE.md
188 silly gunzTarPerm modified mode [ '.github/ISSUE_TEMPLATE.md', 420, 438 ]
189 silly gunzTarPerm extractEntry .vscode/c_cpp_properties.json
190 silly gunzTarPerm modified mode [ '.vscode/c_cpp_properties.json', 420, 438 ]
191 silly gunzTarPerm extractEntry .vscode/settings.json
192 silly gunzTarPerm modified mode [ '.vscode/settings.json', 420, 438 ]
193 silly gunzTarPerm extractEntry lib/bindings.js
194 silly gunzTarPerm modified mode [ 'lib/bindings.js', 420, 438 ]
195 silly gunzTarPerm extractEntry lib/canvas.js
196 silly gunzTarPerm modified mode [ 'lib/canvas.js', 420, 438 ]
197 silly gunzTarPerm extractEntry lib/context2d.js
198 silly gunzTarPerm modified mode [ 'lib/context2d.js', 420, 438 ]
199 silly gunzTarPerm extractEntry lib/image.js
200 silly gunzTarPerm modified mode [ 'lib/image.js', 420, 438 ]
201 silly gunzTarPerm extractEntry lib/jpegstream.js
202 silly gunzTarPerm modified mode [ 'lib/jpegstream.js', 420, 438 ]
203 silly gunzTarPerm extractEntry lib/parse-font.js
204 silly gunzTarPerm modified mode [ 'lib/parse-font.js', 420, 438 ]
205 silly gunzTarPerm extractEntry lib/pdfstream.js
206 silly gunzTarPerm modified mode [ 'lib/pdfstream.js', 420, 438 ]
207 silly gunzTarPerm extractEntry lib/pngstream.js
208 silly gunzTarPerm modified mode [ 'lib/pngstream.js', 420, 438 ]
209 silly gunzTarPerm extractEntry src/Canvas.cc
210 silly gunzTarPerm modified mode [ 'src/Canvas.cc', 420, 438 ]
211 silly gunzTarPerm extractEntry src/Canvas.h
212 silly gunzTarPerm modified mode [ 'src/Canvas.h', 420, 438 ]
213 silly gunzTarPerm extractEntry src/CanvasGradient.cc
214 silly gunzTarPerm modified mode [ 'src/CanvasGradient.cc', 420, 438 ]
215 silly gunzTarPerm extractEntry src/CanvasGradient.h
216 silly gunzTarPerm modified mode [ 'src/CanvasGradient.h', 420, 438 ]
217 silly gunzTarPerm extractEntry src/CanvasPattern.cc
218 silly gunzTarPerm modified mode [ 'src/CanvasPattern.cc', 420, 438 ]
219 silly gunzTarPerm extractEntry src/CanvasPattern.h
220 silly gunzTarPerm modified mode [ 'src/CanvasPattern.h', 420, 438 ]
221 silly gunzTarPerm extractEntry src/CanvasRenderingContext2d.cc
222 silly gunzTarPerm modified mode [ 'src/CanvasRenderingContext2d.cc', 493, 511 ]
223 silly gunzTarPerm extractEntry src/CanvasRenderingContext2d.h
224 silly gunzTarPerm modified mode [ 'src/CanvasRenderingContext2d.h', 420, 438 ]
225 silly gunzTarPerm extractEntry src/closure.h
226 silly gunzTarPerm modified mode [ 'src/closure.h', 420, 438 ]
227 silly gunzTarPerm extractEntry src/color.cc
228 silly gunzTarPerm modified mode [ 'src/color.cc', 420, 438 ]
229 silly gunzTarPerm extractEntry src/color.h
230 silly gunzTarPerm modified mode [ 'src/color.h', 420, 438 ]
231 silly gunzTarPerm extractEntry src/FontFace.cc
232 silly gunzTarPerm modified mode [ 'src/FontFace.cc', 493, 511 ]
233 silly gunzTarPerm extractEntry src/FontFace.h
234 silly gunzTarPerm modified mode [ 'src/FontFace.h', 420, 438 ]
235 silly gunzTarPerm extractEntry src/Image.cc
236 silly gunzTarPerm modified mode [ 'src/Image.cc', 420, 438 ]
237 silly gunzTarPerm extractEntry src/Image.h
238 silly gunzTarPerm modified mode [ 'src/Image.h', 420, 438 ]
239 silly gunzTarPerm extractEntry src/ImageData.cc
240 silly gunzTarPerm modified mode [ 'src/ImageData.cc', 420, 438 ]
241 silly gunzTarPerm extractEntry src/ImageData.h
242 silly gunzTarPerm modified mode [ 'src/ImageData.h', 420, 438 ]
243 silly gunzTarPerm extractEntry src/init.cc
244 silly gunzTarPerm modified mode [ 'src/init.cc', 493, 511 ]
245 silly gunzTarPerm extractEntry src/JPEGStream.h
246 silly gunzTarPerm modified mode [ 'src/JPEGStream.h', 420, 438 ]
247 silly gunzTarPerm extractEntry src/PNG.h
248 silly gunzTarPerm modified mode [ 'src/PNG.h', 420, 438 ]
249 silly gunzTarPerm extractEntry src/Point.h
250 silly gunzTarPerm modified mode [ 'src/Point.h', 420, 438 ]
251 silly gunzTarPerm extractEntry util/has_lib.sh
252 silly gunzTarPerm modified mode [ 'util/has_lib.sh', 493, 511 ]
253 silly gunzTarPerm extractEntry nan_callbacks.h
254 silly gunzTarPerm modified mode [ 'nan_callbacks.h', 436, 438 ]
255 silly gunzTarPerm extractEntry nan_converters_43_inl.h
256 silly gunzTarPerm modified mode [ 'nan_converters_43_inl.h', 436, 438 ]
257 silly gunzTarPerm extractEntry nan_converters_pre_43_inl.h
258 silly gunzTarPerm modified mode [ 'nan_converters_pre_43_inl.h', 436, 438 ]
259 silly gunzTarPerm extractEntry nan_converters.h
260 silly gunzTarPerm modified mode [ 'nan_converters.h', 436, 438 ]
261 silly gunzTarPerm extractEntry nan_define_own_property_helper.h
262 silly gunzTarPerm modified mode [ 'nan_define_own_property_helper.h', 436, 438 ]
263 silly gunzTarPerm extractEntry nan_implementation_12_inl.h
264 silly gunzTarPerm modified mode [ 'nan_implementation_12_inl.h', 436, 438 ]
265 silly gunzTarPerm extractEntry nan_implementation_pre_12_inl.h
266 silly gunzTarPerm modified mode [ 'nan_implementation_pre_12_inl.h', 436, 438 ]
267 silly gunzTarPerm extractEntry nan_json.h
268 silly gunzTarPerm modified mode [ 'nan_json.h', 436, 438 ]
269 silly gunzTarPerm extractEntry nan_maybe_43_inl.h
270 silly gunzTarPerm modified mode [ 'nan_maybe_43_inl.h', 436, 438 ]
271 silly gunzTarPerm extractEntry nan_maybe_pre_43_inl.h
272 silly gunzTarPerm modified mode [ 'nan_maybe_pre_43_inl.h', 436, 438 ]
273 silly gunzTarPerm extractEntry nan_new.h
274 silly gunzTarPerm modified mode [ 'nan_new.h', 436, 438 ]
275 silly gunzTarPerm extractEntry nan_object_wrap.h
276 silly gunzTarPerm modified mode [ 'nan_object_wrap.h', 436, 438 ]
277 silly gunzTarPerm extractEntry nan_persistent_12_inl.h
278 silly gunzTarPerm modified mode [ 'nan_persistent_12_inl.h', 436, 438 ]
279 silly gunzTarPerm extractEntry nan_persistent_pre_12_inl.h
280 silly gunzTarPerm modified mode [ 'nan_persistent_pre_12_inl.h', 436, 438 ]
281 silly gunzTarPerm extractEntry nan_private.h
282 silly gunzTarPerm modified mode [ 'nan_private.h', 436, 438 ]
283 silly gunzTarPerm extractEntry nan_string_bytes.h
284 silly gunzTarPerm modified mode [ 'nan_string_bytes.h', 436, 438 ]
285 silly gunzTarPerm extractEntry nan_typedarray_contents.h
286 silly gunzTarPerm modified mode [ 'nan_typedarray_contents.h', 436, 438 ]
287 silly gunzTarPerm extractEntry nan_weak.h
288 silly gunzTarPerm modified mode [ 'nan_weak.h', 436, 438 ]
289 silly gunzTarPerm extractEntry nan.h
290 silly gunzTarPerm modified mode [ 'nan.h', 436, 438 ]
291 silly gunzTarPerm extractEntry README.md
292 silly gunzTarPerm modified mode [ 'README.md', 436, 438 ]
293 silly gunzTarPerm extractEntry doc/asyncworker.md
294 silly gunzTarPerm modified mode [ 'doc/asyncworker.md', 436, 438 ]
295 silly gunzTarPerm extractEntry doc/buffers.md
296 silly gunzTarPerm modified mode [ 'doc/buffers.md', 436, 438 ]
297 silly gunzTarPerm extractEntry doc/callback.md
298 silly gunzTarPerm modified mode [ 'doc/callback.md', 436, 438 ]
299 silly gunzTarPerm extractEntry doc/converters.md
300 silly gunzTarPerm modified mode [ 'doc/converters.md', 436, 438 ]
301 silly gunzTarPerm extractEntry doc/errors.md
302 silly gunzTarPerm modified mode [ 'doc/errors.md', 436, 438 ]
303 silly gunzTarPerm extractEntry doc/json.md
304 silly gunzTarPerm modified mode [ 'doc/json.md', 436, 438 ]
305 silly gunzTarPerm extractEntry doc/maybe_types.md
306 silly gunzTarPerm modified mode [ 'doc/maybe_types.md', 436, 438 ]
307 silly gunzTarPerm extractEntry doc/methods.md
308 silly gunzTarPerm modified mode [ 'doc/methods.md', 436, 438 ]
309 silly gunzTarPerm extractEntry doc/new.md
310 silly gunzTarPerm modified mode [ 'doc/new.md', 436, 438 ]
311 silly gunzTarPerm extractEntry doc/node_misc.md
312 silly gunzTarPerm modified mode [ 'doc/node_misc.md', 436, 438 ]
313 silly gunzTarPerm extractEntry doc/object_wrappers.md
314 silly gunzTarPerm modified mode [ 'doc/object_wrappers.md', 436, 438 ]
315 silly gunzTarPerm extractEntry doc/persistent.md
316 silly gunzTarPerm modified mode [ 'doc/persistent.md', 436, 438 ]
317 silly gunzTarPerm extractEntry doc/scopes.md
318 silly gunzTarPerm modified mode [ 'doc/scopes.md', 436, 438 ]
319 silly gunzTarPerm extractEntry doc/script.md
320 silly gunzTarPerm modified mode [ 'doc/script.md', 436, 438 ]
321 silly gunzTarPerm extractEntry doc/string_bytes.md
322 silly gunzTarPerm modified mode [ 'doc/string_bytes.md', 436, 438 ]
323 silly gunzTarPerm extractEntry doc/v8_internals.md
324 silly gunzTarPerm modified mode [ 'doc/v8_internals.md', 436, 438 ]
325 silly gunzTarPerm extractEntry doc/v8_misc.md
326 silly gunzTarPerm modified mode [ 'doc/v8_misc.md', 436, 438 ]
327 silly gunzTarPerm extractEntry tools/1to2.js
328 silly gunzTarPerm modified mode [ 'tools/1to2.js', 509, 511 ]
329 silly gunzTarPerm extractEntry tools/package.json
330 silly gunzTarPerm modified mode [ 'tools/package.json', 436, 438 ]
331 silly gunzTarPerm extractEntry tools/README.md
332 silly gunzTarPerm modified mode [ 'tools/README.md', 436, 438 ]
333 silly gentlyRm C:\Users\lucaf\Documents\Projects\canvamachine\node_modules\.staging\canvas-4fc89b74\node_modules is being purged
334 verbose gentlyRm don't care about contents; nuking C:\Users\lucaf\Documents\Projects\canvamachine\node_modules\.staging\canvas-4fc89b74\node_modules
335 silly gentlyRm C:\Users\lucaf\Documents\Projects\canvamachine\node_modules\.staging\nan-dd8e60ee\node_modules is being purged
336 verbose gentlyRm don't care about contents; nuking C:\Users\lucaf\Documents\Projects\canvamachine\node_modules\.staging\nan-dd8e60ee\node_modules
337 silly doParallel preinstall 2
338 silly preinstall nan@2.10.0 C:\Users\lucaf\Documents\Projects\canvamachine\node_modules\.staging\nan-dd8e60ee
339 info lifecycle nan@2.10.0~preinstall: nan@2.10.0
340 silly preinstall canvas@1.6.11 C:\Users\lucaf\Documents\Projects\canvamachine\node_modules\.staging\canvas-4fc89b74
341 info lifecycle canvas@1.6.11~preinstall: canvas@1.6.11
342 silly lifecycle nan@2.10.0~preinstall: no script for preinstall, continuing
343 silly lifecycle canvas@1.6.11~preinstall: no script for preinstall, continuing
344 silly doReverseSerial remove 0
345 silly doSerial move 0
346 silly doSerial finalize 2
347 silly finalize C:\Users\lucaf\Documents\Projects\canvamachine\node_modules\nan
348 silly finalize C:\Users\lucaf\Documents\Projects\canvamachine\node_modules\canvas
349 silly doSerial build 2
350 silly build nan@2.10.0
351 info linkStuff nan@2.10.0
352 silly linkStuff nan@2.10.0 has C:\Users\lucaf\Documents\Projects\canvamachine\node_modules as its parent node_modules
353 verbose linkBins nan@2.10.0
354 verbose linkMans nan@2.10.0
355 silly build canvas@1.6.11
356 info linkStuff canvas@1.6.11
357 silly linkStuff canvas@1.6.11 has C:\Users\lucaf\Documents\Projects\canvamachine\node_modules as its parent node_modules
358 verbose linkBins canvas@1.6.11
359 verbose linkMans canvas@1.6.11
360 silly doSerial global-link 0
361 silly doParallel update-linked 0
362 silly doSerial install 2
363 silly install nan@2.10.0 C:\Users\lucaf\Documents\Projects\canvamachine\node_modules\.staging\nan-dd8e60ee
364 info lifecycle nan@2.10.0~install: nan@2.10.0
365 silly lifecycle nan@2.10.0~install: no script for install, continuing
366 silly install canvas@1.6.11 C:\Users\lucaf\Documents\Projects\canvamachine\node_modules\.staging\canvas-4fc89b74
367 info lifecycle canvas@1.6.11~install: canvas@1.6.11
368 verbose lifecycle canvas@1.6.11~install: unsafe-perm in lifecycle true
369 verbose lifecycle canvas@1.6.11~install: PATH: C:\Program Files (x86)\nodejs\node_modules\npm\bin\node-gyp-bin;C:\Users\lucaf\Documents\Projects\canvamachine\node_modules\canvas\node_modules\.bin;C:\Users\lucaf\Documents\Projects\canvamachine\node_modules\.bin;C:\Program Files\Microsoft MPI\Bin\;C:\Program Files (x86)\Common Files\Intel\Shared Libraries\redist\intel64\compiler;C:\Program Files (x86)\iis express\PHP\v5.3;C:\Program Files (x86)\PHP\v5.6;C:\Windows\system32;C:\Windows;C:\Windows\System32\Wbem;C:\Windows\System32\WindowsPowerShell\v1.0\;C:\Users\lucaf\.dnx\bin;C:\Program Files\Microsoft DNX\Dnvm\;C:\Program Files\Microsoft SQL Server\120\Tools\Binn\;C:\Program Files\Microsoft\Web Platform Installer\;C:\Program Files\Microsoft SQL Server\Client SDK\ODBC\110\Tools\Binn\;C:\Program Files (x86)\Microsoft SQL Server\120\Tools\Binn\;C:\Program Files\Microsoft SQL Server\120\DTS\Binn\;C:\Program Files (x86)\GtkSharp\2.12\bin;C:\Users\lucaf\AppData\Roaming\npm;C:\Program Files\MySQL\MySQL Server 5.5\bin;C:\WINDOWS\system32;C:\WINDOWS;C:\WINDOWS\System32\Wbem;C:\WINDOWS\System32\WindowsPowerShell\v1.0\;C:\ProgramData\ComposerSetup\bin;C:\Program Files (x86)\Microsoft SQL Server Migration Assistant for Access\bin\;C:\Program Files (x86)\nodejs\;C:\Program Files (x86)\Microsoft Emulator Manager\1.0\;C:\Program Files\Microsoft SQL Server\130\Tools\Binn\;C:\Program Files (x86)\QuickTime\QTSystem\;C:\Program Files\dotnet\;C:\Program Files\Git\cmd;C:\Program Files (x86)\Microsoft SQL Server\Client SDK\ODBC\130\Tools\Binn\;C:\Program Files (x86)\Microsoft SQL Server\140\Tools\Binn\;C:\Program Files (x86)\Microsoft SQL Server\140\DTS\Binn\;C:\Program Files (x86)\Microsoft SQL Server\140\Tools\Binn\ManagementStudio\;C:\Program Files (x86)\Infocert\DiKe 6\RAO;C:\Program Files (x86)\CodeSmith\v8.0\;C:\Program Files (x86)\AOMEI Backupper;C:\Users\lucaf\.dnx\bin;C:\Users\lucaf\AppData\Local\Programs\Git\cmd;C:\Program Files (x86)\Microsoft VS Code\bin;C:\Users\lucaf\AppData\Roaming\npm;C:\Program Files (x86)\ARToolKit5\bin;C:\Users\lucaf\AppData\Local\Microsoft\WindowsApps;
370 verbose lifecycle canvas@1.6.11~install: CWD: C:\Users\lucaf\Documents\Projects\canvamachine\node_modules\canvas
371 silly lifecycle canvas@1.6.11~install: Args: [ '/d /s /c', 'node-gyp rebuild' ]
372 silly lifecycle canvas@1.6.11~install: Returned: code: 1  signal: null
373 info lifecycle canvas@1.6.11~install: Failed to exec install script
374 verbose unlock done using C:\Users\lucaf\AppData\Roaming\npm-cache\_locks\staging-c97e496f8742cb6a.lock for C:\Users\lucaf\Documents\Projects\canvamachine\node_modules\.staging
375 silly rollbackFailedOptional Starting
376 silly rollbackFailedOptional Finishing
377 silly runTopLevelLifecycles Starting
378 silly runTopLevelLifecycles Finishing
379 silly install printInstalled
380 warn canvamachine@1.0.0 No description
381 warn canvamachine@1.0.0 No repository field.
382 verbose stack Error: canvas@1.6.11 install: `node-gyp rebuild`
382 verbose stack Exit status 1
382 verbose stack     at EventEmitter.<anonymous> (C:\Program Files (x86)\nodejs\node_modules\npm\lib\utils\lifecycle.js:232:16)
382 verbose stack     at emitTwo (events.js:100:13)
382 verbose stack     at EventEmitter.emit (events.js:185:7)
382 verbose stack     at ChildProcess.<anonymous> (C:\Program Files (x86)\nodejs\node_modules\npm\lib\utils\spawn.js:24:14)
382 verbose stack     at emitTwo (events.js:100:13)
382 verbose stack     at ChildProcess.emit (events.js:185:7)
382 verbose stack     at maybeClose (internal/child_process.js:827:16)
382 verbose stack     at Process.ChildProcess._handle.onexit (internal/child_process.js:211:5)
383 verbose pkgid canvas@1.6.11
384 verbose cwd C:\Users\lucaf\Documents\Projects\canvamachine
385 error Windows_NT 10.0.16299
386 error argv "C:\\Program Files (x86)\\nodejs\\node.exe" "C:\\Program Files (x86)\\nodejs\\node_modules\\npm\\bin\\npm-cli.js" "install" "canvas" "--save"
387 error node v5.6.0
388 error npm  v3.6.0
389 error code ELIFECYCLE
390 error canvas@1.6.11 install: `node-gyp rebuild`
390 error Exit status 1
391 error Failed at the canvas@1.6.11 install script 'node-gyp rebuild'.
391 error Make sure you have the latest version of node.js and npm installed.
391 error If you do, this is most likely a problem with the canvas package,
391 error not with npm itself.
391 error Tell the author that this fails on your system:
391 error     node-gyp rebuild
391 error You can get information on how to open an issue for this project with:
391 error     npm bugs canvas
391 error Or if that isn't available, you can get their info via:
391 error     npm owner ls canvas
391 error There is likely additional logging output above.
392 verbose exit [ 1, true ]
